This is pdfTeX, Version 3.1415926-2.3-1.40.12 (TeX Live 2011/MacPorts 2011_1) (format=pdflatex 2011.10.12)  28 AUG 2012 12:05
entering extended mode
 restricted \write18 enabled.
 %&-line parsing enabled.
**semantics
(./semantics.tex
LaTeX2e <2009/09/24>
Babel <v3.8l> and hyphenation patterns for english, dumylang, nohyphenation, cz
ech, slovak, dutch, ukenglish, usenglishmax, basque, french, german-x-2009-06-1
9, ngerman-x-2009-06-19, german, ngerman, swissgerman, italian, polish, portugu
ese, spanish, catalan, galician, ukenglish, loaded.
(/Users/shankar/tex/cslreport.cls
Document Class: cslreport 2001/04/05 SRI Computer Science Lab report class
(/opt/local/share/texmf-texlive-dist/tex/latex/graphics/graphicx.sty
Package: graphicx 1999/02/16 v1.0f Enhanced LaTeX Graphics (DPC,SPQR)

(/opt/local/share/texmf-texlive-dist/tex/latex/graphics/keyval.sty
Package: keyval 1999/03/16 v1.13 key=value parser (DPC)
\KV@toks@=\toks14
)
(/opt/local/share/texmf-texlive-dist/tex/latex/graphics/graphics.sty
Package: graphics 2009/02/05 v1.0o Standard LaTeX Graphics (DPC,SPQR)

(/opt/local/share/texmf-texlive-dist/tex/latex/graphics/trig.sty
Package: trig 1999/03/16 v1.09 sin cos tan (DPC)
)
(/opt/local/share/texmf-texlive-dist/tex/latex/latexconfig/graphics.cfg
File: graphics.cfg 2010/04/23 v1.9 graphics configuration of TeX Live
)
Package graphics Info: Driver file: pdftex.def on input line 91.

(/opt/local/share/texmf-texlive-dist/tex/latex/pdftex-def/pdftex.def
File: pdftex.def 2011/05/27 v0.06d Graphics/color for pdfTeX

(/opt/local/share/texmf-texlive-dist/tex/generic/oberdiek/infwarerr.sty
Package: infwarerr 2010/04/08 v1.3 Providing info/warning/message (HO)
)
(/opt/local/share/texmf-texlive-dist/tex/generic/oberdiek/ltxcmds.sty
Package: ltxcmds 2011/04/18 v1.20 LaTeX kernel commands for general use (HO)
)
\Gread@gobject=\count79
))
\Gin@req@height=\dimen102
\Gin@req@width=\dimen103
)
(/opt/local/share/texmf-texlive-dist/tex/latex/graphics/color.sty
Package: color 2005/11/14 v1.0j Standard LaTeX Color (DPC)

(/opt/local/share/texmf-texlive-dist/tex/latex/latexconfig/color.cfg
File: color.cfg 2007/01/18 v1.5 color configuration of teTeX/TeXLive
)
Package color Info: Driver file: pdftex.def on input line 130.

(/opt/local/share/texmf-texlive-dist/tex/latex/graphics/dvipsnam.def
File: dvipsnam.def 1999/02/16 v3.0i Driver-dependant file (DPC,SPQR)
))

! LaTeX Error: File `helvetic.sty' not found.

Type X to quit or <RETURN> to proceed,
or enter new name. (Default extension: sty)

Enter file name: 
(/opt/local/share/texmf-texlive-dist/tex/latex/base/report.cls
Document Class: report 2007/10/19 v1.4h Standard LaTeX document class
(/opt/local/share/texmf-texlive-dist/tex/latex/base/size12.clo
File: size12.clo 2007/10/19 v1.4h Standard LaTeX file (size option)
)
\c@part=\count80
\c@chapter=\count81
\c@section=\count82
\c@subsection=\count83
\c@subsubsection=\count84
\c@paragraph=\count85
\c@subparagraph=\count86
\c@figure=\count87
\c@table=\count88
\abovecaptionskip=\skip41
\belowcaptionskip=\skip42
\bibindent=\dimen104
)
\csltitle@topmargin=\dimen105
\csltitle@leftmargin=\dimen106
\csltitle@textwidth=\dimen107
)
(/opt/local/share/texmf-texlive-dist/tex/latex/base/fleqn.sty

LaTeX Warning: inputting `fleqn.clo' instead of obsolete `fleqn.sty'.

(/opt/local/share/texmf-texlive-dist/tex/latex/base/fleqn.clo
File: fleqn.clo 1998/08/17 v1.1c Standard LaTeX option (flush left equations)
\mathindent=\dimen108
))
(/opt/local/share/texmf-texlive-dist/tex/latex/base/alltt.sty
Package: alltt 1997/06/16 v2.0g defines alltt environment
)
(./spacecites.sty) (/Users/shankar/tex/relsize.sty
Package: relsize 1995/03/15 ver 2.0
)
(/opt/local/share/texmf-texlive-dist/tex/latex/url/url.sty
\Urlmuskip=\muskip10
Package: url 2006/04/12  ver 3.3  Verb mode for urls, etc.
)
(/opt/local/share/texmf-texlive-dist/tex/latex/amsfonts/amssymb.sty
Package: amssymb 2009/06/22 v3.00

(/opt/local/share/texmf-texlive-dist/tex/latex/amsfonts/amsfonts.sty
Package: amsfonts 2009/06/22 v3.00 Basic AMSFonts support
\@emptytoks=\toks15
\symAMSa=\mathgroup4
\symAMSb=\mathgroup5
LaTeX Font Info:    Overwriting math alphabet `\mathfrak' in version `bold'
(Font)                  U/euf/m/n --> U/euf/b/n on input line 96.
))
(/opt/local/share/texmf-texlive-dist/tex/latex/tools/verbatim.sty
Package: verbatim 2003/08/22 v1.5q LaTeX2e package for verbatim enhancements
\every@verbatim=\toks16
\verbatim@line=\toks17
\verbatim@in@stream=\read1
)
\c@thm=\count89
\c@definition=\count90
\c@lemma=\count91
\c@theorem=\count92

(./semantics.aux)
\openout1 = `semantics.aux'.

LaTeX Font Info:    Checking defaults for OML/cmm/m/it on input line 102.
LaTeX Font Info:    ... okay on input line 102.
LaTeX Font Info:    Checking defaults for T1/cmr/m/n on input line 102.
LaTeX Font Info:    ... okay on input line 102.
LaTeX Font Info:    Checking defaults for OT1/cmr/m/n on input line 102.
LaTeX Font Info:    ... okay on input line 102.
LaTeX Font Info:    Checking defaults for OMS/cmsy/m/n on input line 102.
LaTeX Font Info:    ... okay on input line 102.
LaTeX Font Info:    Checking defaults for OMX/cmex/m/n on input line 102.
LaTeX Font Info:    ... okay on input line 102.
LaTeX Font Info:    Checking defaults for U/cmr/m/n on input line 102.
LaTeX Font Info:    ... okay on input line 102.

(/opt/local/share/texmf-texlive-dist/tex/context/base/supp-pdf.mkii
[Loading MPS to PDF converter (version 2006.09.02).]
\scratchcounter=\count93
\scratchdimen=\dimen109
\scratchbox=\box26
\nofMPsegments=\count94
\nofMParguments=\count95
\everyMPshowfont=\toks18
\MPscratchCnt=\count96
\MPscratchDim=\dimen110
\MPnumerator=\count97
\makeMPintoPDFobject=\count98
\everyMPtoPDFconversion=\toks19
) (/opt/local/share/texmf-texlive-dist/tex/generic/oberdiek/pdftexcmds.sty
Package: pdftexcmds 2011/04/22 v0.16 Utilities of pdfTeX for LuaTeX (HO)

(/opt/local/share/texmf-texlive-dist/tex/generic/oberdiek/ifluatex.sty
Package: ifluatex 2010/03/01 v1.3 Provides the ifluatex switch (HO)
Package ifluatex Info: LuaTeX not detected.
)
(/opt/local/share/texmf-texlive-dist/tex/generic/oberdiek/ifpdf.sty
Package: ifpdf 2011/01/30 v2.3 Provides the ifpdf switch (HO)
Package ifpdf Info: pdfTeX in PDF mode is detected.
)
Package pdftexcmds Info: LuaTeX not detected.
Package pdftexcmds Info: \pdf@primitive is available.
Package pdftexcmds Info: \pdf@ifprimitive is available.
Package pdftexcmds Info: \pdfdraftmode found.
)
(/opt/local/share/texmf-texlive-dist/tex/latex/oberdiek/epstopdf-base.sty
Package: epstopdf-base 2010/02/09 v2.5 Base part for package epstopdf

(/opt/local/share/texmf-texlive-dist/tex/latex/oberdiek/grfext.sty
Package: grfext 2010/08/19 v1.1 Managing graphics extensions (HO)

(/opt/local/share/texmf-texlive-dist/tex/generic/oberdiek/kvdefinekeys.sty
Package: kvdefinekeys 2011/04/07 v1.3 Defining keys (HO)
))
(/opt/local/share/texmf-texlive-dist/tex/latex/oberdiek/kvoptions.sty
Package: kvoptions 2010/12/23 v3.10 Keyval support for LaTeX options (HO)

(/opt/local/share/texmf-texlive-dist/tex/generic/oberdiek/kvsetkeys.sty
Package: kvsetkeys 2011/04/07 v1.13 Key value parser (HO)

(/opt/local/share/texmf-texlive-dist/tex/generic/oberdiek/etexcmds.sty
Package: etexcmds 2011/02/16 v1.5 Prefix for e-TeX command names (HO)
Package etexcmds Info: Could not find \expanded.
(etexcmds)             That can mean that you are not using pdfTeX 1.50 or
(etexcmds)             that some package has redefined \expanded.
(etexcmds)             In the latter case, load this package earlier.
)))
Package grfext Info: Graphics extension search list:
(grfext)             [.png,.pdf,.jpg,.mps,.jpeg,.jbig2,.jb2,.PNG,.PDF,.JPG,.JPE
G,.JBIG2,.JB2,.eps]
(grfext)             \AppendGraphicsExtensions on input line 452.

(/opt/local/share/texmf-texlive-dist/tex/latex/latexconfig/epstopdf-sys.cfg
File: epstopdf-sys.cfg 2010/07/13 v1.3 Configuration of (r)epstopdf for TeX Liv
e
))

! LaTeX Error: File `SRIInternational' not found.

See the LaTeX manual or LaTeX Companion for explanation.
Type  H <return>  for immediate help.
 ...                                              
                                                  
l.105 \maketitle
                
? 
LaTeX Font Info:    Try loading font information for U+msa on input line 105.
(/opt/local/share/texmf-texlive-dist/tex/latex/amsfonts/umsa.fd
File: umsa.fd 2009/06/22 v3.00 AMS symbols A
)
LaTeX Font Info:    Try loading font information for U+msb on input line 105.

(/opt/local/share/texmf-texlive-dist/tex/latex/amsfonts/umsb.fd
File: umsb.fd 2009/06/22 v3.00 AMS symbols B
)
<srilogo.pdf, id=1, 538.01pt x 379.4175pt>
File: srilogo.pdf Graphic file (type pdf)
 <use srilogo.pdf>
Package pdftex.def Info: srilogo.pdf used on input line 105.
(pdftex.def)             Requested size: 72.62pt x 51.21495pt.
\top@raise=\dimen111
\bot@raise=\dimen112

Overfull \hbox (53.75984pt too wide) in paragraph at lines 105--108
[]| $[]$
 []

[2

{/opt/local/var/db/texmf/fonts/map/pdftex/updmap/pdftex.map} </Users/shankar/te
x/srilogo.pdf>] [3

] [4

] (./semantics.toc [5

])
\tf@toc=\write3
\openout3 = `semantics.toc'.

 [6]
Chapter 1.
[1


] [2] [3] [4] [5] [6] [7] [8]
Chapter 2.
[9

] [10] [11] [12]
Overfull \hbox (5.41449pt too wide) in alignment at lines 799--840
 [][][] []
 []

[13]
Underfull \hbox (badness 10000) in paragraph at lines 875--875

 []


Overfull \hbox (27.60884pt too wide) in paragraph at lines 902--906
[]\OT1/cmr/m/it/12 If $\OML/cmm/m/it/12 ^^\\OT1/cmr/m/n/12 ()(^^@) = []$\OT1/cm
r/m/it/12 , $\OML/cmm/m/it/12 ^^M$ \OT1/cmr/m/it/12 sat-is-fies $\OT1/cmr/m/n/1
2 ^^@$\OT1/cmr/m/it/12 , and $\OML/cmm/m/it/12 ^^\\OT1/cmr/m/n/12 (^^@)(\OML/cm
m/m/it/12 A\OT1/cmr/m/n/12 ) =
 []

[14]
Overfull \hbox (14.6354pt too wide) in paragraph at lines 936--940
[]\OT1/cmr/m/it/12 If $\OML/cmm/m/it/12 ^^\\OT1/cmr/m/n/12 ()(^^@) = []$\OT1/cm
r/m/it/12 , $\OML/cmm/m/it/12 ^^M$ \OT1/cmr/m/it/12 sat-is-fies $\OT1/cmr/m/n/1
2 ^^@$\OT1/cmr/m/it/12 , and $\OML/cmm/m/it/12 ^^\\OT1/cmr/m/n/12 (^^@)(\OML/cm
m/m/it/12 a\OT1/cmr/m/n/12 )$
 []


Overfull \hbox (11.62807pt too wide) in paragraph at lines 974--982
\OT1/cmr/m/n/12 and hence $\OMS/cmsy/m/n/12 M\OT1/cmr/m/n/12 (^^@ \OMS/cmsy/m/n
/12 j \OML/cmm/m/it/12 ^^M\OT1/cmr/m/n/12 )(\OML/cmm/m/it/12 a\OT1/cmr/m/n/12 )
$ is an el-e-ment of $\OMS/cmsy/m/n/12 M\OT1/cmr/m/n/12 (^^@ \OMS/cmsy/m/n/12 j
 \OML/cmm/m/it/12 ^^M\OT1/cmr/m/n/12 )(\OML/cmm/m/it/12 A\OT1/cmr/m/n/12 )$ whi
ch is $\OMS/cmsy/m/n/12 M\OT1/cmr/m/n/12 (^^@ \OMS/cmsy/m/n/12 j \OML/cmm/m/it/
12 ^^M\OT1/cmr/m/n/12 )(\OML/cmm/m/it/12 A\OT1/cmr/m/n/12 ) \OMS/cmsy/m/n/12 ^^
B
 []


Overfull \hbox (26.9032pt too wide) in paragraph at lines 983--992
\OT1/cmr/m/n/12 with $\OML/cmm/m/it/12 i \OMS/cmsy/m/n/12 2 f\OT1/cmr/m/n/12 1\
OML/cmm/m/it/12 ; \OT1/cmr/m/n/12 2\OMS/cmsy/m/n/12 g$\OT1/cmr/m/n/12 , and $\O
ML/cmm/m/it/12 ^^\\OT1/cmr/m/n/12 (^^@)(\OML/cmm/m/it/12 a\OT1/cmr/m/n/12 ) = \
OML/cmm/m/it/12 A[]$\OT1/cmr/m/n/12 . By the in-duc-tion hy-poth-e-sis, $\OMS/c
msy/m/n/12 M\OT1/cmr/m/n/12 (^^@ \OMS/cmsy/m/n/12 j \OML/cmm/m/it/12 ^^M\OT1/cm
r/m/n/12 )(\OML/cmm/m/it/12 b\OT1/cmr/m/n/12 ) =
 []

[15] [16] [17] [18] [19]
Chapter 3.
[20

] [21]
Overfull \hbox (8.75462pt too wide) detected at line 1312
[]
 []

[22]
Overfull \hbox (25.72256pt too wide) in paragraph at lines 1340--1353
\OT1/cmr/m/n/12 Observe that in Def-i-ni-tion 12[], if $\OML/cmm/m/it/12 ^^\\OT
1/cmr/m/n/12 (^^@)(\OML/cmm/m/it/12 A\OT1/cmr/m/n/12 ) = []$, then $\OML/cmm/m/
it/12 ^^\\OT1/cmr/m/n/12 (^^@)(\OML/cmm/m/it/12 ^^Y\OT1/cmr/m/n/12 (\OML/cmm/m/
it/12 A\OT1/cmr/m/n/12 )) = [\OML/cmm/m/it/12 ^^V\OT1/cmr/m/n/12 (\OML/cmm/m/it
/12 A\OT1/cmr/m/n/12 )\OMS/cmsy/m/n/12 ![]\OT1/cmr/m/n/12 ]$.[] 
 []


Overfull \hbox (16.38884pt too wide) in alignment at lines 1355--1374
 [][][] []
 []

[23]
Overfull \hbox (8.75462pt too wide) detected at line 1431
[]
 []


Overfull \hbox (24.1683pt too wide) in alignment at lines 1440--1468
 [][][] []
 []

[24] [25] [26]
Overfull \hbox (8.05797pt too wide) in paragraph at lines 1596--1598
[]\OT1/cmr/m/it/12 If $\OML/cmm/m/it/12 ^^\\OT1/cmr/m/n/12 ()(^^@) = []$ \OT1/c
mr/m/it/12 and $\OML/cmm/m/it/12 ^^\\OT1/cmr/m/n/12 (^^@)(\OML/cmm/m/it/12 A\OT
1/cmr/m/n/12 ) = [][]$\OT1/cmr/m/it/12 , then $\OML/cmm/m/it/12 ^^\\OT1/cmr/m/n
/12 (^^@)(\OML/cmm/m/it/12 ^^V\OT1/cmr/m/n/12 (\OML/cmm/m/it/12 A\OT1/cmr/m/n/1
2 )) =
 []

[27]
Overfull \hbox (15.31923pt too wide) in paragraph at lines 1629--1631
[]\OT1/cmr/m/it/12 If $\OML/cmm/m/it/12 ^^\\OT1/cmr/m/n/12 ()(^^@) = []$ \OT1/c
mr/m/it/12 and $\OML/cmm/m/it/12 ^^\\OT1/cmr/m/n/12 (^^@)(\OML/cmm/m/it/12 T\OT
1/cmr/m/n/12 ) = []$\OT1/cmr/m/it/12 , then $\OMS/cmsy/m/n/12 M\OT1/cmr/m/n/12 
(^^@ \OMS/cmsy/m/n/12 j \OML/cmm/m/it/12 ^^M\OT1/cmr/m/n/12 )(\OML/cmm/m/it/12 
T\OT1/cmr/m/n/12 ) =
 []


Overfull \hbox (27.60884pt too wide) in paragraph at lines 1653--1655
[]\OT1/cmr/m/it/12 If $\OML/cmm/m/it/12 ^^\\OT1/cmr/m/n/12 ()(^^@) = []$\OT1/cm
r/m/it/12 , $\OML/cmm/m/it/12 ^^M$ \OT1/cmr/m/it/12 sat-is-fies $\OT1/cmr/m/n/1
2 ^^@$\OT1/cmr/m/it/12 , and $\OML/cmm/m/it/12 ^^\\OT1/cmr/m/n/12 (^^@)(\OML/cm
m/m/it/12 A\OT1/cmr/m/n/12 ) =
 []


Overfull \hbox (27.10748pt too wide) in paragraph at lines 1668--1670
[]\OT1/cmr/m/it/12 If $\OML/cmm/m/it/12 ^^\\OT1/cmr/m/n/12 ()(^^@) = []$\OT1/cm
r/m/it/12 , $\OML/cmm/m/it/12 ^^M$ \OT1/cmr/m/it/12 sat-is-fies $\OT1/cmr/m/n/1
2 ^^@$\OT1/cmr/m/it/12 , and $\OML/cmm/m/it/12 ^^\\OT1/cmr/m/n/12 (^^@)(\OML/cm
m/m/it/12 a\OT1/cmr/m/n/12 ) =
 []

[28] [29]
Chapter 4.
[30

] [31] [32] [33] [34] [35] [36]
Overfull \hbox (4.05728pt too wide) in paragraph at lines 2266--2268
[]\OT1/cmr/m/it/12 If $\OML/cmm/m/it/12 ^^\\OT1/cmr/m/n/12 ()(^^@\OML/cmm/m/it/
12 ; x \OT1/cmr/m/n/12 : [] []\OML/cmm/m/it/12 A\OT1/cmr/m/n/12 ) = []$\OT1/cmr
/m/it/12 , $\OML/cmm/m/it/12 ^^\\OT1/cmr/m/n/12 (^^@)(\OML/cmm/m/it/12 a\OT1/cm
r/m/n/12 ) =
 []

[37]
Overfull \hbox (19.2934pt too wide) in paragraph at lines 2335--2341
\OT1/cmr/m/n/12 and by the in-duc-tion hy-poth-e-sis, $\OMS/cmsy/m/n/12 M\OT1/c
mr/m/n/12 (^^@\OML/cmm/m/it/12 ; x \OT1/cmr/m/n/12 : [] []\OML/cmm/m/it/12 a \O
MS/cmsy/m/n/12 j \OML/cmm/m/it/12 ^^M\OMS/cmsy/m/n/12 f\OML/cmm/m/it/12 x \OMS/
cmsy/m/n/12   M\OT1/cmr/m/n/12 (^^@ \OMS/cmsy/m/n/12 j \OML/cmm/m/it/12 ^^M\OT1
/cmr/m/n/12 )(\OML/cmm/m/it/12 a\OT1/cmr/m/n/12 )\OMS/cmsy/m/n/12 g\OT1/cmr/m/n
/12 )(\OML/cmm/m/it/12 c\OT1/cmr/m/n/12 ) =
 []

[38] [39]
Overfull \hbox (4.06915pt too wide) in paragraph at lines 2426--2443
\OMS/cmsy/m/n/12 M\OT1/cmr/m/n/12 (^^@ \OMS/cmsy/m/n/12 j \OML/cmm/m/it/12 ^^M\
OT1/cmr/m/n/12 )(\OML/cmm/m/it/12 ^^V\OT1/cmr/m/n/12 (\OML/cmm/m/it/12 B\OT1/cm
r/m/n/12 ))$. We there-fore have by Propo-si-tion 3.9[] that $\OMS/cmsy/m/n/12 
M\OT1/cmr/m/n/12 (^^@ \OMS/cmsy/m/n/12 j \OML/cmm/m/it/12 ^^M\OT1/cmr/m/n/12 )(
\OML/cmm/m/it/12 b\OT1/cmr/m/n/12 ) \OMS/cmsy/m/n/12 2
 []

[40]
Chapter 5.
[41

] [42] [43]
Overfull \hbox (0.45033pt too wide) in paragraph at lines 2759--2760
[]\OT1/cmr/m/n/12 Let $\OML/cmm/m/it/12 ![]$ \OT1/cmr/m/n/12 be a sat-
 []


Overfull \hbox (6.5493pt too wide) in paragraph at lines 2772--2778
[]\OT1/cmr/m/it/12 An as-sign-ment $\OML/cmm/m/it/12 ^^M$
 []

[44]
Overfull \hbox (1.01457pt too wide) in paragraph at lines 2820--2826
[]\OT1/cmr/m/it/12 An as-sign-ment $\OML/cmm/m/it/12 ^^M$
 []

[45]
Overfull \hbox (71.53328pt too wide) in paragraph at lines 2871--2872
[]\OT1/cmr/m/it/12 Let $\OT1/cmr/m/n/12 ^^E$ \OT1/cmr/m/it/12 be $[]\OT1/cmr/m/
n/12 (^^@(\OML/cmm/m/it/12 m\OT1/cmr/m/n/12 ))$\OT1/cmr/m/it/12 . 
 []

[46]
Overfull \hbox (2.81638pt too wide) in paragraph at lines 2940--2940
[]
 []


Underfull \hbox (badness 10000) in paragraph at lines 2940--2940

 []


Overfull \hbox (5.66377pt too wide) in paragraph at lines 2960--2991
[]\OT1/cmr/m/it/12 An
 []

[47] [48]
Chapter 6.
LaTeX Font Info:    Try loading font information for OMS+cmtt on input line 306
4.
LaTeX Font Info:    No file OMScmtt.fd. on input line 3064.

LaTeX Font Warning: Font shape `OMS/cmtt/m/n' undefined
(Font)              using `OMS/cmsy/m/n' instead
(Font)              for symbol `textbraceleft' on input line 3064.

[49

]
Overfull \hbox (0.79492pt too wide) in paragraph at lines 3112--3117
[]\OT1/cmr/m/it/12 An as-sign-ment
 []

[50]
Overfull \hbox (6.22658pt too wide) in alignment at lines 3146--3152
 [][][] []
 []


Overfull \hbox (27.0667pt too wide) in alignment at lines 3177--3186
 [][][] []
 []

[51] [52]
Chapter 7.
[53

] [54] [55] [56] [57]
Overfull \hbox (15.21103pt too wide) in paragraph at lines 3642--3651
[]\OT1/cmr/m/it/12 Equality Rules\OT1/cmr/m/n/12 : The \OT1/cmr/bx/n/12 Refl \O
T1/cmr/m/n/12 rule is ob-vi-ous. For the \OT1/cmr/bx/n/12 Repl \OT1/cmr/m/n/12 
rule, if $\OMS/cmsy/m/n/12 M\OT1/cmr/m/n/12 (^^@ \OMS/cmsy/m/n/12 j \OML/cmm/m/
it/12 ^^M\OT1/cmr/m/n/12 )(\OML/cmm/m/it/12 a \OT1/cmr/m/n/12 =
 []

[58] [59] [60]
Chapter 8.
LaTeX Font Info:    Try loading font information for OMS+cmr on input line 3776
.
(/opt/local/share/texmf-texlive-dist/tex/latex/base/omscmr.fd
File: omscmr.fd 1999/05/25 v2.5h Standard LaTeX font definitions
)
LaTeX Font Info:    Font shape `OMS/cmr/m/n' in size <12> not available
(Font)              Font shape `OMS/cmsy/m/n' tried instead on input line 3776.

 [61

] [62]
[63] (./semantics.bbl [64

] [65]) [66] (./semantics.aux)

LaTeX Font Warning: Some font shapes were not available, defaults substituted.


LaTeX Warning: Label(s) may have changed. Rerun to get cross-references right.

 ) 
Here is how much of TeX's memory you used:
 2547 strings out of 494758
 36538 string characters out of 3171144
 93818 words of memory out of 3000000
 5677 multiletter control sequences out of 15000+200000
 25626 words of font info for 98 fonts, out of 3000000 for 9000
 142 hyphenation exceptions out of 8191
 38i,18n,43p,307b,462s stack positions out of 5000i,500n,10000p,200000b,50000s
</opt/local/share/texmf-texlive-dist/fonts/type1/public/amsfonts/cm/cmbx10.pf
b></opt/local/share/texmf-texlive-dist/fonts/type1/public/amsfonts/cm/cmbx12.pf
b></opt/local/share/texmf-texlive-dist/fonts/type1/public/amsfonts/cm/cmcsc10.p
fb></opt/local/share/texmf-texlive-dist/fonts/type1/public/amsfonts/cm/cmex10.p
fb></opt/local/share/texmf-texlive-dist/fonts/type1/public/amsfonts/cm/cmitt10.
pfb></opt/local/share/texmf-texlive-dist/fonts/type1/public/amsfonts/cm/cmmi10.
pfb></opt/local/share/texmf-texlive-dist/fonts/type1/public/amsfonts/cm/cmmi12.
pfb></opt/local/share/texmf-texlive-dist/fonts/type1/public/amsfonts/cm/cmmi6.p
fb></opt/local/share/texmf-texlive-dist/fonts/type1/public/amsfonts/cm/cmmi7.pf
b></opt/local/share/texmf-texlive-dist/fonts/type1/public/amsfonts/cm/cmmi8.pfb
></opt/local/share/texmf-texlive-dist/fonts/type1/public/amsfonts/cm/cmr10.pfb>
</opt/local/share/texmf-texlive-dist/fonts/type1/public/amsfonts/cm/cmr12.pfb><
/opt/local/share/texmf-texlive-dist/fonts/type1/public/amsfonts/cm/cmr6.pfb></o
pt/local/share/texmf-texlive-dist/fonts/type1/public/amsfonts/cm/cmr7.pfb></opt
/local/share/texmf-texlive-dist/fonts/type1/public/amsfonts/cm/cmr8.pfb></opt/l
ocal/share/texmf-texlive-dist/fonts/type1/public/amsfonts/cm/cmsl12.pfb></opt/l
ocal/share/texmf-texlive-dist/fonts/type1/public/amsfonts/cm/cmss12.pfb></opt/l
ocal/share/texmf-texlive-dist/fonts/type1/public/amsfonts/cm/cmss17.pfb></opt/l
ocal/share/texmf-texlive-dist/fonts/type1/public/amsfonts/cm/cmss9.pfb></opt/lo
cal/share/texmf-texlive-dist/fonts/type1/public/amsfonts/cm/cmsy10.pfb></opt/lo
cal/share/texmf-texlive-dist/fonts/type1/public/amsfonts/cm/cmsy6.pfb></opt/loc
al/share/texmf-texlive-dist/fonts/type1/public/amsfonts/cm/cmsy7.pfb></opt/loca
l/share/texmf-texlive-dist/fonts/type1/public/amsfonts/cm/cmsy8.pfb></opt/local
/share/texmf-texlive-dist/fonts/type1/public/amsfonts/cm/cmsy9.pfb></opt/local/
share/texmf-texlive-dist/fonts/type1/public/amsfonts/cm/cmti10.pfb></opt/local/
share/texmf-texlive-dist/fonts/type1/public/amsfonts/cm/cmti12.pfb></opt/local/
share/texmf-texlive-dist/fonts/type1/public/amsfonts/cm/cmtt10.pfb></opt/local/
share/texmf-texlive-dist/fonts/type1/public/amsfonts/cm/cmtt12.pfb></opt/local/
share/texmf-texlive-dist/fonts/type1/public/amsfonts/cm/cmtt8.pfb></opt/local/s
hare/texmf-texlive-dist/fonts/type1/public/amsfonts/symbols/msam10.pfb>
Output written on semantics.pdf (71 pages, 500331 bytes).
PDF statistics:
 358 PDF objects out of 1000 (max. 8388607)
 250 compressed objects within 3 object streams
 0 named destinations out of 1000 (max. 500000)
 6 words of extra memory for PDF output out of 10000 (max. 10000000)

